INFO: [VRFC 10-2263] Analyzing SystemVerilog file "U:/Desktop/Lab 5 -- SLC3/Lab 5 -- SLC3.srcs/sources_1/new/busmux.sv" into library xil_defaultlib
INFO: [VRFC 10-311] analyzing module busmux
INFO: [VRFC 10-2263] Analyzing SystemVerilog file "U:/Desktop/LAB 5 PROVIDED/srcs/control.sv" into library xil_defaultlib
INFO: [VRFC 10-311] analyzing module control
INFO: [VRFC 10-2263] Analyzing SystemVerilog file "U:/Desktop/LAB 5 PROVIDED/srcs/cpu.sv" into library xil_defaultlib
INFO: [VRFC 10-311] analyzing module cpu
INFO: [VRFC 10-2263] Analyzing SystemVerilog file "U:/Desktop/LAB 5 PROVIDED/srcs/cpu_to_io.sv" into library xil_defaultlib
INFO: [VRFC 10-311] analyzing module cpu_to_io
INFO: [VRFC 10-2263] Analyzing SystemVerilog file "U:/Desktop/LAB 5 PROVIDED/srcs/hex_driver.sv" into library xil_defaultlib
INFO: [VRFC 10-311] analyzing module hex_driver
INFO: [VRFC 10-311] analyzing module nibble_to_hex
INFO: [VRFC 10-2263] Analyzing SystemVerilog file "U:/Desktop/LAB 5 PROVIDED/srcs/instantiate_ram.sv" into library xil_defaultlib
INFO: [VRFC 10-311] analyzing module instantiate_ram
INFO: [VRFC 10-2263] Analyzing SystemVerilog file "U:/Desktop/LAB 5 PROVIDED/srcs/load_reg.sv" into library xil_defaultlib
INFO: [VRFC 10-311] analyzing module load_reg
INFO: [VRFC 10-2263] Analyzing SystemVerilog file "U:/Desktop/LAB 5 PROVIDED/srcs/memory.sv" into library xil_defaultlib
INFO: [VRFC 10-311] analyzing module memory
INFO: [VRFC 10-2263] Analyzing SystemVerilog file "U:/Desktop/Lab 5 -- SLC3/Lab 5 -- SLC3.srcs/sources_1/new/mux.sv" into library xil_defaultlib
INFO: [VRFC 10-311] analyzing module mux
INFO: [VRFC 10-311] analyzing module mux21
INFO: [VRFC 10-2263] Analyzing SystemVerilog file "U:/Desktop/LAB 5 PROVIDED/srcs/processor_top.sv" into library xil_defaultlib
INFO: [VRFC 10-311] analyzing module processor_top
INFO: [VRFC 10-2263] Analyzing SystemVerilog file "U:/Desktop/LAB 5 PROVIDED/srcs/slc3.sv" into library xil_defaultlib
INFO: [VRFC 10-311] analyzing module slc3
INFO: [VRFC 10-2263] Analyzing SystemVerilog file "U:/Desktop/LAB 5 PROVIDED/srcs/sync.sv" into library xil_defaultlib
INFO: [VRFC 10-311] analyzing module sync_debounce
INFO: [VRFC 10-311] analyzing module sync_flop
INFO: [VRFC 10-2263] Analyzing SystemVerilog file "U:/Desktop/LAB 5 PROVIDED/srcs/test_memory.sv" into library xil_defaultlib
INFO: [VRFC 10-311] analyzing module test_memory
INFO: [VRFC 10-2263] Analyzing SystemVerilog file "U:/Desktop/Lab 5 -- SLC3/Lab 5 -- SLC3.srcs/sim_1/new/TestBench.sv" into library xil_defaultlib
INFO: [VRFC 10-311] analyzing module testbench
