
*** Running vivado
    with args -log multiplier_toplevel.vds -m64 -product Vivado -mode batch -messageDb vivado.pb -notrace -source multiplier_toplevel.tcl



****** Vivado v2022.2 (64-bit)
  **** SW Build 3671981 on Fri Oct 14 05:00:03 MDT 2022
  **** IP Build 3669848 on Fri Oct 14 08:30:02 MDT 2022
    ** Copyright 1986-2022 Xilinx, Inc. All Rights Reserved.

source multiplier_toplevel.tcl -notrace
Command: read_checkpoint -auto_incremental -incremental {U:/Desktop/Lab 4 Mutiplier/Lab 4 Mutiplier.srcs/utils_1/imports/synth_1/multiplier_toplevel.dcp}
INFO: [Vivado 12-5825] Read reference checkpoint from U:/Desktop/Lab 4 Mutiplier/Lab 4 Mutiplier.srcs/utils_1/imports/synth_1/multiplier_toplevel.dcp for incremental synthesis
INFO: [Vivado 12-7989] Please ensure there are no constraint changes
Command: synth_design -top multiplier_toplevel -part xc7s50csga324-1
Starting synth_design
Attempting to get a license for feature 'Synthesis' and/or device 'xc7s50'
INFO: [Common 17-349] Got license for feature 'Synthesis' and/or device 'xc7s50'
INFO: [Device 21-403] Loading part xc7s50csga324-1
INFO: [Designutils 20-5440] No compile time benefit to using incremental synthesis; A full resynthesis will be run
INFO: [Designutils 20-4379] Flow is switching to default flow due to incremental criteria not met. If you would like to alter this behaviour and have the flow terminate instead, please set the following parameter config_implementation {autoIncr.Synth.RejectBehavior Terminate}
INFO: [Synth 8-7079] Multithreading enabled for synth_design using a maximum of 2 processes.
INFO: [Synth 8-7078] Launching helper process for spawning children vivado processes
INFO: [Synth 8-7075] Helper process launched with PID 12940
INFO: [Synth 8-11241] undeclared symbol 'REGCCE', assumed default net type 'wire' [C:/Xilinx/Vivado/2022.2/data/verilog/src/unimacro/BRAM_SINGLE_MACRO.v:2170]
WARNING: [Synth 8-11121] redeclaration of ANSI port 'sub9' is not allowed [U:/Desktop/Lab 4 Mutiplier/Lab 4 Mutiplier.srcs/sources_1/new/Adder.sv:19]
WARNING: [Synth 8-11121] redeclaration of ANSI port 'q' is not allowed [U:/Desktop/Lab 4 Mutiplier/Lab 4 Mutiplier.srcs/sources_1/new/Synchronizers.sv:20]
---------------------------------------------------------------------------------
Starting RTL Elaboration : Time (s): cpu = 00:00:03 ; elapsed = 00:00:04 . Memory (MB): peak = 1809.074 ; gain = 408.086
---------------------------------------------------------------------------------
INFO: [Synth 8-6157] synthesizing module 'multiplier_toplevel' [U:/Desktop/Lab 4 Mutiplier/Lab 4 Mutiplier.srcs/sources_1/new/multiplier_toplevel.sv:1]
INFO: [Synth 8-6157] synthesizing module 'Xregister' [U:/Desktop/Lab 4 Mutiplier/Lab 4 Mutiplier.srcs/sources_1/new/Registersabx.sv:27]
INFO: [Synth 8-6155] done synthesizing module 'Xregister' (0#1) [U:/Desktop/Lab 4 Mutiplier/Lab 4 Mutiplier.srcs/sources_1/new/Registersabx.sv:27]
INFO: [Synth 8-6157] synthesizing module 'register_unit' [U:/Desktop/Lab 4 Mutiplier/Lab 4 Mutiplier.srcs/sources_1/new/Registersabx.sv:1]
INFO: [Synth 8-6155] done synthesizing module 'register_unit' (0#1) [U:/Desktop/Lab 4 Mutiplier/Lab 4 Mutiplier.srcs/sources_1/new/Registersabx.sv:1]
INFO: [Synth 8-6157] synthesizing module 'Adder' [U:/Desktop/Lab 4 Mutiplier/Lab 4 Mutiplier.srcs/sources_1/new/Adder.sv:8]
INFO: [Synth 8-6157] synthesizing module 'full_adder' [U:/Desktop/Lab 4 Mutiplier/Lab 4 Mutiplier.srcs/sources_1/new/Adder.sv:1]
INFO: [Synth 8-6155] done synthesizing module 'full_adder' (0#1) [U:/Desktop/Lab 4 Mutiplier/Lab 4 Mutiplier.srcs/sources_1/new/Adder.sv:1]
INFO: [Synth 8-6155] done synthesizing module 'Adder' (0#1) [U:/Desktop/Lab 4 Mutiplier/Lab 4 Mutiplier.srcs/sources_1/new/Adder.sv:8]
INFO: [Synth 8-6157] synthesizing module 'Controlunit' [U:/Desktop/Lab 4 Mutiplier/Lab 4 Mutiplier.srcs/sources_1/new/Controlunit.sv:23]
INFO: [Synth 8-294] found qualifier unique on case statement: implementing as parallel_case [U:/Desktop/Lab 4 Mutiplier/Lab 4 Mutiplier.srcs/sources_1/new/Controlunit.sv:53]
INFO: [Synth 8-6155] done synthesizing module 'Controlunit' (0#1) [U:/Desktop/Lab 4 Mutiplier/Lab 4 Mutiplier.srcs/sources_1/new/Controlunit.sv:23]
INFO: [Synth 8-6157] synthesizing module 'HexDriver' [U:/Desktop/Lab 4 Mutiplier/Lab 4 Mutiplier.srcs/sources_1/new/HexDriver.sv:1]
INFO: [Synth 8-6157] synthesizing module 'nibble_to_hex' [U:/Desktop/Lab 4 Mutiplier/Lab 4 Mutiplier.srcs/sources_1/new/HexDriver.sv:11]
INFO: [Synth 8-6155] done synthesizing module 'nibble_to_hex' (0#1) [U:/Desktop/Lab 4 Mutiplier/Lab 4 Mutiplier.srcs/sources_1/new/HexDriver.sv:11]
INFO: [Synth 8-6157] synthesizing module 'nibble_to_hex' [U:/Desktop/Lab 4 Mutiplier/Lab 4 Mutiplier.srcs/sources_1/new/HexDriver.sv:11]
INFO: [Synth 8-6155] done synthesizing module 'nibble_to_hex' (0#1) [U:/Desktop/Lab 4 Mutiplier/Lab 4 Mutiplier.srcs/sources_1/new/HexDriver.sv:11]
INFO: [Synth 8-6157] synthesizing module 'nibble_to_hex' [U:/Desktop/Lab 4 Mutiplier/Lab 4 Mutiplier.srcs/sources_1/new/HexDriver.sv:11]
INFO: [Synth 8-6155] done synthesizing module 'nibble_to_hex' (0#1) [U:/Desktop/Lab 4 Mutiplier/Lab 4 Mutiplier.srcs/sources_1/new/HexDriver.sv:11]
INFO: [Synth 8-6157] synthesizing module 'nibble_to_hex' [U:/Desktop/Lab 4 Mutiplier/Lab 4 Mutiplier.srcs/sources_1/new/HexDriver.sv:11]
INFO: [Synth 8-6155] done synthesizing module 'nibble_to_hex' (0#1) [U:/Desktop/Lab 4 Mutiplier/Lab 4 Mutiplier.srcs/sources_1/new/HexDriver.sv:11]
INFO: [Synth 8-6155] done synthesizing module 'HexDriver' (0#1) [U:/Desktop/Lab 4 Mutiplier/Lab 4 Mutiplier.srcs/sources_1/new/HexDriver.sv:1]
INFO: [Synth 8-6157] synthesizing module 'sync_debounce' [U:/Desktop/Lab 4 Mutiplier/Lab 4 Mutiplier.srcs/sources_1/new/Synchronizers.sv:13]
INFO: [Synth 8-6155] done synthesizing module 'sync_debounce' (0#1) [U:/Desktop/Lab 4 Mutiplier/Lab 4 Mutiplier.srcs/sources_1/new/Synchronizers.sv:13]
INFO: [Synth 8-6155] done synthesizing module 'multiplier_toplevel' (0#1) [U:/Desktop/Lab 4 Mutiplier/Lab 4 Mutiplier.srcs/sources_1/new/multiplier_toplevel.sv:1]
---------------------------------------------------------------------------------
Finished RTL Elaboration : Time (s): cpu = 00:00:04 ; elapsed = 00:00:06 . Memory (MB): peak = 1901.043 ; gain = 500.055
---------------------------------------------------------------------------------
---------------------------------------------------------------------------------
Start Handling Custom Attributes
---------------------------------------------------------------------------------
---------------------------------------------------------------------------------
Finished Handling Custom Attributes : Time (s): cpu = 00:00:04 ; elapsed = 00:00:06 . Memory (MB): peak = 1901.043 ; gain = 500.055
---------------------------------------------------------------------------------
---------------------------------------------------------------------------------
Finished RTL Optimization Phase 1 : Time (s): cpu = 00:00:04 ; elapsed = 00:00:06 . Memory (MB): peak = 1901.043 ; gain = 500.055
---------------------------------------------------------------------------------
Netlist sorting complete. Time (s): cpu = 00:00:00 ; elapsed = 00:00:00.003 . Memory (MB): peak = 1901.043 ; gain = 0.000
INFO: [Project 1-570] Preparing netlist for logic optimization

Processing XDC Constraints
Initializing timing engine
Parsing XDC File [U:/Desktop/Lab 4 Mutiplier/Lab 4 Mutiplier.srcs/constrs_1/new/PinAssignments.xdc]
WARNING: [Vivado 12-584] No ports matched 'nothing'. [U:/Desktop/Lab 4 Mutiplier/Lab 4 Mutiplier.srcs/constrs_1/new/PinAssignments.xdc:69]
CRITICAL WARNING: [Common 17-55] 'set_property' expects at least one object. [U:/Desktop/Lab 4 Mutiplier/Lab 4 Mutiplier.srcs/constrs_1/new/PinAssignments.xdc:69]
Resolution: If [get_<value>] was used to populate the object, check to make sure this command returns at least one valid object.
Finished Parsing XDC File [U:/Desktop/Lab 4 Mutiplier/Lab 4 Mutiplier.srcs/constrs_1/new/PinAssignments.xdc]
INFO: [Project 1-236] Implementation specific constraints were found while reading constraint file [U:/Desktop/Lab 4 Mutiplier/Lab 4 Mutiplier.srcs/constrs_1/new/PinAssignments.xdc]. These constraints will be ignored for synthesis but will be used in implementation. Impacted constraints are listed in the file [.Xil/multiplier_toplevel_propImpl.xdc].
Resolution: To avoid this warning, move constraints listed in [.Xil/multiplier_toplevel_propImpl.xdc] to another XDC file and exclude this new file from synthesis with the used_in_synthesis property (File Properties dialog in GUI) and re-run elaboration/synthesis.
Completed Processing XDC Constraints

Netlist sorting complete. Time (s): cpu = 00:00:00 ; elapsed = 00:00:00 . Memory (MB): peak = 1989.465 ; gain = 0.000
INFO: [Project 1-111] Unisim Transformation Summary:
No Unisim elements were transformed.

Constraint Validation Runtime : Time (s): cpu = 00:00:00 ; elapsed = 00:00:00.009 . Memory (MB): peak = 1989.465 ; gain = 0.000
INFO: [Designutils 20-5440] No compile time benefit to using incremental synthesis; A full resynthesis will be run
INFO: [Designutils 20-4379] Flow is switching to default flow due to incremental criteria not met. If you would like to alter this behaviour and have the flow terminate instead, please set the following parameter config_implementation {autoIncr.Synth.RejectBehavior Terminate}
INFO: [Synth 8-11241] undeclared symbol 'REGCCE', assumed default net type 'wire' [C:/Xilinx/Vivado/2022.2/data/verilog/src/unimacro/BRAM_SINGLE_MACRO.v:2170]
---------------------------------------------------------------------------------
Finished Constraint Validation : Time (s): cpu = 00:00:09 ; elapsed = 00:00:13 . Memory (MB): peak = 1989.465 ; gain = 588.477
---------------------------------------------------------------------------------
---------------------------------------------------------------------------------
Start Loading Part and Timing Information
---------------------------------------------------------------------------------
Loading part: xc7s50csga324-1
---------------------------------------------------------------------------------
Finished Loading Part and Timing Information : Time (s): cpu = 00:00:09 ; elapsed = 00:00:13 . Memory (MB): peak = 1989.465 ; gain = 588.477
---------------------------------------------------------------------------------
---------------------------------------------------------------------------------
Start Applying 'set_property' XDC Constraints
---------------------------------------------------------------------------------
---------------------------------------------------------------------------------
Finished applying 'set_property' XDC Constraints : Time (s): cpu = 00:00:09 ; elapsed = 00:00:13 . Memory (MB): peak = 1989.465 ; gain = 588.477
---------------------------------------------------------------------------------
INFO: [Synth 8-802] inferred FSM for state register 'curr_state_reg' in module 'Controlunit'
---------------------------------------------------------------------------------------------------
                   State |                     New Encoding |                Previous Encoding 
---------------------------------------------------------------------------------------------------
                   reset |             00000000000000000001 |                            10010
                  clearA |             00000000000000000010 |                            00000
                    add1 |             00000000000000000100 |                            00001
                  shift1 |             00000000000000001000 |                            00010
                    add2 |             00000000000000010000 |                            00011
                  shift2 |             00000000000000100000 |                            00100
                    add3 |             00000000000001000000 |                            00101
                  shift3 |             00000000000010000000 |                            00110
                    add4 |             00000000000100000000 |                            00111
                  shift4 |             00000000001000000000 |                            01000
                    add5 |             00000000010000000000 |                            01001
                  shift5 |             00000000100000000000 |                            01010
                    add6 |             00000001000000000000 |                            01011
                  shift6 |             00000010000000000000 |                            01100
                    add7 |             00000100000000000000 |                            01101
                  shift7 |             00001000000000000000 |                            01110
                     sub |             00010000000000000000 |                            01111
                  shift8 |             00100000000000000000 |                            10000
                    halt |             01000000000000000000 |                            10001
                    stop |             10000000000000000000 |                            10011
---------------------------------------------------------------------------------------------------
INFO: [Synth 8-3354] encoded FSM with state register 'curr_state_reg' using encoding 'one-hot' in module 'Controlunit'
---------------------------------------------------------------------------------
Finished RTL Optimization Phase 2 : Time (s): cpu = 00:00:10 ; elapsed = 00:00:15 . Memory (MB): peak = 1989.465 ; gain = 588.477
---------------------------------------------------------------------------------
---------------------------------------------------------------------------------
Start RTL Component Statistics 
---------------------------------------------------------------------------------
Detailed RTL Component Info : 
+---XORs : 
	   3 Input      1 Bit         XORs := 9     
	   2 Input      1 Bit         XORs := 18    
+---Registers : 
	                8 Bit    Registers := 2     
	                1 Bit    Registers := 31    
+---Muxes : 
	  20 Input   20 Bit        Muxes := 1     
	   2 Input   20 Bit        Muxes := 1     
	   2 Input    8 Bit        Muxes := 3     
	   4 Input    8 Bit        Muxes := 1     
	   5 Input    4 Bit        Muxes := 1     
	   2 Input    1 Bit        Muxes := 5     
	  20 Input    1 Bit        Muxes := 6     
---------------------------------------------------------------------------------
Finished RTL Component Statistics 
---------------------------------------------------------------------------------
---------------------------------------------------------------------------------
Start Part Resource Summary
---------------------------------------------------------------------------------
Part Resources:
DSPs: 120 (col length:60)
BRAMs: 150 (col length: RAMB18 60 RAMB36 30)
---------------------------------------------------------------------------------
Finished Part Resource Summary
---------------------------------------------------------------------------------
---------------------------------------------------------------------------------
Start Cross Boundary and Area Optimization
---------------------------------------------------------------------------------
WARNING: [Synth 8-7080] Parallel synthesis criteria is not met
WARNING: [Synth 8-3917] design multiplier_toplevel has port hex_seg[7] driven by constant 1
---------------------------------------------------------------------------------
Finished Cross Boundary and Area Optimization : Time (s): cpu = 00:00:11 ; elapsed = 00:00:18 . Memory (MB): peak = 1989.465 ; gain = 588.477
---------------------------------------------------------------------------------
---------------------------------------------------------------------------------
Start Applying XDC Timing Constraints
---------------------------------------------------------------------------------
---------------------------------------------------------------------------------
Finished Applying XDC Timing Constraints : Time (s): cpu = 00:00:15 ; elapsed = 00:00:22 . Memory (MB): peak = 1989.465 ; gain = 588.477
---------------------------------------------------------------------------------
---------------------------------------------------------------------------------
Start Timing Optimization
---------------------------------------------------------------------------------
---------------------------------------------------------------------------------
Finished Timing Optimization : Time (s): cpu = 00:00:15 ; elapsed = 00:00:23 . Memory (MB): peak = 1989.465 ; gain = 588.477
---------------------------------------------------------------------------------
---------------------------------------------------------------------------------
Start Technology Mapping
---------------------------------------------------------------------------------
---------------------------------------------------------------------------------
Finished Technology Mapping : Time (s): cpu = 00:00:15 ; elapsed = 00:00:23 . Memory (MB): peak = 1989.465 ; gain = 588.477
---------------------------------------------------------------------------------
---------------------------------------------------------------------------------
Start IO Insertion
---------------------------------------------------------------------------------
---------------------------------------------------------------------------------
Start Flattening Before IO Insertion
---------------------------------------------------------------------------------
---------------------------------------------------------------------------------
Finished Flattening Before IO Insertion
---------------------------------------------------------------------------------
---------------------------------------------------------------------------------
Start Final Netlist Cleanup
---------------------------------------------------------------------------------
---------------------------------------------------------------------------------
Finished Final Netlist Cleanup
---------------------------------------------------------------------------------
---------------------------------------------------------------------------------
Finished IO Insertion : Time (s): cpu = 00:00:18 ; elapsed = 00:00:26 . Memory (MB): peak = 1989.465 ; gain = 588.477
---------------------------------------------------------------------------------
---------------------------------------------------------------------------------
Start Renaming Generated Instances
---------------------------------------------------------------------------------
---------------------------------------------------------------------------------
Finished Renaming Generated Instances : Time (s): cpu = 00:00:18 ; elapsed = 00:00:26 . Memory (MB): peak = 1989.465 ; gain = 588.477
---------------------------------------------------------------------------------
---------------------------------------------------------------------------------
Start Rebuilding User Hierarchy
---------------------------------------------------------------------------------
---------------------------------------------------------------------------------
Finished Rebuilding User Hierarchy : Time (s): cpu = 00:00:18 ; elapsed = 00:00:26 . Memory (MB): peak = 1989.465 ; gain = 588.477
---------------------------------------------------------------------------------
---------------------------------------------------------------------------------
Start Renaming Generated Ports
---------------------------------------------------------------------------------
---------------------------------------------------------------------------------
Finished Renaming Generated Ports : Time (s): cpu = 00:00:18 ; elapsed = 00:00:26 . Memory (MB): peak = 1989.465 ; gain = 588.477
---------------------------------------------------------------------------------
---------------------------------------------------------------------------------
Start Handling Custom Attributes
---------------------------------------------------------------------------------
---------------------------------------------------------------------------------
Finished Handling Custom Attributes : Time (s): cpu = 00:00:18 ; elapsed = 00:00:26 . Memory (MB): peak = 1989.465 ; gain = 588.477
---------------------------------------------------------------------------------
---------------------------------------------------------------------------------
Start Renaming Generated Nets
---------------------------------------------------------------------------------
---------------------------------------------------------------------------------
Finished Renaming Generated Nets : Time (s): cpu = 00:00:18 ; elapsed = 00:00:26 . Memory (MB): peak = 1989.465 ; gain = 588.477
---------------------------------------------------------------------------------
---------------------------------------------------------------------------------
Start Writing Synthesis Report
---------------------------------------------------------------------------------

Report BlackBoxes: 
+-+--------------+----------+
| |BlackBox name |Instances |
+-+--------------+----------+
+-+--------------+----------+

Report Cell Usage: 
+------+-------+------+
|      |Cell   |Count |
+------+-------+------+
|1     |BUFG   |     1|
|2     |CARRY4 |    41|
|3     |LUT1   |    19|
|4     |LUT2   |    13|
|5     |LUT3   |     6|
|6     |LUT4   |    32|
|7     |LUT5   |    10|
|8     |LUT6   |    33|
|9     |FDRE   |   224|
|10    |FDSE   |     1|
|11    |IBUF   |    11|
|12    |OBUF   |    29|
+------+-------+------+
---------------------------------------------------------------------------------
Finished Writing Synthesis Report : Time (s): cpu = 00:00:18 ; elapsed = 00:00:26 . Memory (MB): peak = 1989.465 ; gain = 588.477
---------------------------------------------------------------------------------
Synthesis finished with 0 errors, 0 critical warnings and 2 warnings.
Synthesis Optimization Runtime : Time (s): cpu = 00:00:13 ; elapsed = 00:00:25 . Memory (MB): peak = 1989.465 ; gain = 500.055
Synthesis Optimization Complete : Time (s): cpu = 00:00:18 ; elapsed = 00:00:26 . Memory (MB): peak = 1989.465 ; gain = 588.477
INFO: [Project 1-571] Translating synthesized netlist
Netlist sorting complete. Time (s): cpu = 00:00:00 ; elapsed = 00:00:00.002 . Memory (MB): peak = 1989.465 ; gain = 0.000
INFO: [Netlist 29-17] Analyzing 41 Unisim elements for replacement
INFO: [Netlist 29-28] Unisim Transformation completed in 0 CPU seconds
INFO: [Project 1-570] Preparing netlist for logic optimization
INFO: [Opt 31-138] Pushed 0 inverter(s) to 0 load pin(s).
Netlist sorting complete. Time (s): cpu = 00:00:00 ; elapsed = 00:00:00 . Memory (MB): peak = 1989.465 ; gain = 0.000
INFO: [Project 1-111] Unisim Transformation Summary:
No Unisim elements were transformed.

Synth Design complete, checksum: dddbd7a2
INFO: [Common 17-83] Releasing license: Synthesis
50 Infos, 5 Warnings, 1 Critical Warnings and 0 Errors encountered.
synth_design completed successfully
synth_design: Time (s): cpu = 00:00:21 ; elapsed = 00:00:32 . Memory (MB): peak = 1989.465 ; gain = 963.082
INFO: [runtcl-6] Synthesis results are not added to the cache due to CRITICAL_WARNING
INFO: [Common 17-1381] The checkpoint 'U:/Desktop/Lab 4 Mutiplier/Lab 4 Mutiplier.runs/synth_1/multiplier_toplevel.dcp' has been generated.
INFO: [runtcl-4] Executing : report_utilization -file multiplier_toplevel_utilization_synth.rpt -pb multiplier_toplevel_utilization_synth.pb
INFO: [Common 17-206] Exiting Vivado at Mon Feb 26 21:42:48 2024...
