Vivado Simulator v2022.2
Copyright 1986-1999, 2001-2022 Xilinx, Inc. All Rights Reserved.
Running: C:/Xilinx/Vivado/2022.2/bin/unwrapped/win64.o/xelab.exe --incr --debug typical --relax --mt 2 --maxdelay -L xil_defaultlib -L uvm -L simprims_ver -L secureip --snapshot testbench_time_synth -transport_int_delays -pulse_r 0 -pulse_int_r 0 -pulse_e 0 -pulse_int_e 0 xil_defaultlib.testbench xil_defaultlib.glbl -log elaborate.log 
Using 2 slave threads.
Starting static elaboration
Pass Through NonSizing Optimizer
Completed static elaboration
Starting simulation data flow analysis
Completed simulation data flow analysis
INFO: [XSIM 43-3451] SDF backannotation process started with SDF file "testbench_time_synth.sdf", for root module "testbench/multi_pramod".
INFO: [XSIM 43-3452] SDF backannotation was successful for SDF file "testbench_time_synth.sdf", for root module "testbench/multi_pramod".
Time Resolution for simulation is 1ps
Compiling module simprims_ver.OBUF
Compiling module simprims_ver.BUFG
Compiling module simprims_ver.IBUF
Compiling module simprims_ver.LUT6
Compiling module simprims_ver.x_lut3_mux8
Compiling module simprims_ver.LUT3
Compiling module simprims_ver.x_lut2_mux4
Compiling module simprims_ver.LUT2
Compiling module simprims_ver.LUT5
Compiling module simprims_ver.LUT4
Compiling module simprims_ver.FDSE_default
Compiling module simprims_ver.FDRE_default
Compiling module xil_defaultlib.Controlunit
Compiling module simprims_ver.x_lut1_mux2
Compiling module simprims_ver.LUT1
Compiling module simprims_ver.CARRY4
Compiling module xil_defaultlib.sync_debounce
Compiling module xil_defaultlib.HexDriver
Compiling module xil_defaultlib.register_unit
Compiling module xil_defaultlib.register_unit_0
Compiling module xil_defaultlib.Xregister
Compiling module xil_defaultlib.sync_debounce_1
Compiling module xil_defaultlib.sync_debounce_2
Compiling module xil_defaultlib.sync_debounce_3
Compiling module xil_defaultlib.sync_debounce_4
Compiling module xil_defaultlib.sync_debounce_5
Compiling module xil_defaultlib.sync_debounce_6
Compiling module xil_defaultlib.sync_debounce_7
Compiling module xil_defaultlib.sync_debounce_8
Compiling module xil_defaultlib.multiplier_toplevel
Compiling module xil_defaultlib.testbench
Compiling module xil_defaultlib.glbl
Built simulation snapshot testbench_time_synth
